<?xml version="1.0" encoding="UTF-8"?>
<testsuite xmlns:xsi="http://www.w3.org/2001/XMLSchema-instance" xsi:noNamespaceSchemaLocation="https://maven.apache.org/surefire/maven-surefire-plugin/xsd/surefire-test-report.xsd" name="com.example2.AppTest" time="1.464" tests="3" errors="0" skipped="0" failures="0">
  <properties>
[...]
</properties>
  <testcase name="testGetDishesByType" classname="com.example2.AppTest" time="1.444"/>
  <testcase name="testGetAllDishes" classname="com.example2.AppTest" time="0.003"/>
  <testcase name="testCreateAndRetrieveDish" classname="com.example2.AppTest" time="0.008"/>
</testsuite>