<?xml version="1.0" encoding="UTF-8"?>
<testsuite xmlns:xsi="http://www.w3.org/2001/XMLSchema-instance" xsi:noNamespaceSchemaLocation="https://maven.apache.org/surefire/maven-surefire-plugin/xsd/surefire-test-report.xsd" version="3.0.1" name="org.atsd.AppTest" time="0.177" tests="19" errors="0" skipped="0" failures="0">
  <properties>
[...]
</properties>
  <testcase name="testPerformance" classname="org.atsd.AppTest" time="0.044">
    <system-out><![CDATA[=== Метод половинчастого ділення ===
Ітерація	a		b		c		f(c)
1		-1,000000	0,000000	-0,500000	-1,531250
2		-0,500000	0,000000	-0,250000	-0,250977
3		-0,250000	0,000000	-0,125000	0,374969
4		-0,250000	-0,125000	-0,187500	0,062268
5		-0,250000	-0,187500	-0,218750	-0,094251
6		-0,218750	-0,187500	-0,203125	-0,015971
7		-0,203125	-0,187500	-0,195313	0,023153
8		-0,203125	-0,195313	-0,199219	0,003592
9		-0,203125	-0,199219	-0,201172	-0,006189
10		-0,201172	-0,199219	-0,200195	-0,001298
11		-0,200195	-0,199219	-0,199707	0,001147
12		-0,200195	-0,199707	-0,199951	-0,000075
13		-0,199951	-0,199707	-0,199829	0,000536
14		-0,199951	-0,199829	-0,199890	0,000230
15		-0,199951	-0,199890	-0,199921	0,000077
16		-0,199951	-0,199921	-0,199936	0,000001
17		-0,199951	-0,199936	-0,199944	-0,000037
18		-0,199944	-0,199936	-0,199940	-0,000018
19		-0,199940	-0,199936	-0,199938	-0,000009
20		-0,199938	-0,199936	-0,199937	-0,000004
21		-0,199937	-0,199936	-0,199936	-0,000001
22		-0,199936	-0,199936	-0,199936	-0,000000
23		-0,199936	-0,199936	-0,199936	0,000000
24		-0,199936	-0,199936	-0,199936	0,000000
25		-0,199936	-0,199936	-0,199936	-0,000000
26		-0,199936	-0,199936	-0,199936	-0,000000
27		-0,199936	-0,199936	-0,199936	0,000000
28		-0,199936	-0,199936	-0,199936	-0,000000
29		-0,199936	-0,199936	-0,199936	0,000000
30		-0,199936	-0,199936	-0,199936	0,000000
31		-0,199936	-0,199936	-0,199936	-0,000000
32		-0,199936	-0,199936	-0,199936	-0,000000
33		-0,199936	-0,199936	-0,199936	-0,000000
34		-0,199936	-0,199936	-0,199936	-0,000000
Знайдено корінь: -0,1999361022 за 34 ітерацій

=== Метод дотичних (Ньютона) ===
Ітерація	x		f(x)		f'(x)
1		-0,500000	-1,531250	5,312500
2		-0,211765	-0,059249	5,010055
3		-0,199939	-0,000013	5,007990
4		-0,199936	-0,000000	5,007990
Знайдено корінь: -0,1999361022 за 3 ітерацій

=== Метод хорд ===
Ітерація	a		b		x		f(x)
1		-1,000000	0,000000	-0,166667	0,166538
2		-1,000000	-0,166667	-0,193528	0,032087
3		-1,000000	-0,193528	-0,198671	0,006337
4		-1,000000	-0,198671	-0,199685	0,001257
5		-1,000000	-0,199685	-0,199886	0,000250
6		-1,000000	-0,199886	-0,199926	0,000050
7		-1,000000	-0,199926	-0,199934	0,000010
8		-1,000000	-0,199934	-0,199936	0,000002
9		-1,000000	-0,199936	-0,199936	0,000000
10		-1,000000	-0,199936	-0,199936	0,000000
11		-1,000000	-0,199936	-0,199936	0,000000
12		-1,000000	-0,199936	-0,199936	0,000000
13		-1,000000	-0,199936	-0,199936	0,000000
14		-1,000000	-0,199936	-0,199936	0,000000
15		-1,000000	-0,199936	-0,199936	0,000000
Знайдено корінь: -0,1999361022 за 14 ітерацій

]]></system-out>
  </testcase>
  <testcase name="testEquationDerivative" classname="org.atsd.AppTest" time="0.003"/>
  <testcase name="testEquationFunction" classname="org.atsd.AppTest" time="0.001"/>
  <testcase name="testDifferentialFunction" classname="org.atsd.AppTest" time="0.001"/>
  <testcase name="testBisectionMethod" classname="org.atsd.AppTest" time="0.016">
    <system-out><![CDATA[=== Метод половинчастого ділення ===
Ітерація	a		b		c		f(c)
1		-1,000000	0,000000	-0,500000	-1,531250
2		-0,500000	0,000000	-0,250000	-0,250977
3		-0,250000	0,000000	-0,125000	0,374969
4		-0,250000	-0,125000	-0,187500	0,062268
5		-0,250000	-0,187500	-0,218750	-0,094251
6		-0,218750	-0,187500	-0,203125	-0,015971
7		-0,203125	-0,187500	-0,195313	0,023153
8		-0,203125	-0,195313	-0,199219	0,003592
9		-0,203125	-0,199219	-0,201172	-0,006189
10		-0,201172	-0,199219	-0,200195	-0,001298
11		-0,200195	-0,199219	-0,199707	0,001147
12		-0,200195	-0,199707	-0,199951	-0,000075
13		-0,199951	-0,199707	-0,199829	0,000536
14		-0,199951	-0,199829	-0,199890	0,000230
15		-0,199951	-0,199890	-0,199921	0,000077
16		-0,199951	-0,199921	-0,199936	0,000001
17		-0,199951	-0,199936	-0,199944	-0,000037
18		-0,199944	-0,199936	-0,199940	-0,000018
19		-0,199940	-0,199936	-0,199938	-0,000009
20		-0,199938	-0,199936	-0,199937	-0,000004
21		-0,199937	-0,199936	-0,199936	-0,000001
22		-0,199936	-0,199936	-0,199936	-0,000000
23		-0,199936	-0,199936	-0,199936	0,000000
24		-0,199936	-0,199936	-0,199936	0,000000
25		-0,199936	-0,199936	-0,199936	-0,000000
26		-0,199936	-0,199936	-0,199936	-0,000000
27		-0,199936	-0,199936	-0,199936	0,000000
28		-0,199936	-0,199936	-0,199936	-0,000000
29		-0,199936	-0,199936	-0,199936	0,000000
30		-0,199936	-0,199936	-0,199936	0,000000
31		-0,199936	-0,199936	-0,199936	-0,000000
32		-0,199936	-0,199936	-0,199936	-0,000000
33		-0,199936	-0,199936	-0,199936	-0,000000
34		-0,199936	-0,199936	-0,199936	-0,000000
Знайдено корінь: -0,1999361022 за 34 ітерацій

]]></system-out>
  </testcase>
  <testcase name="testDifferentialEquationInitialConditions" classname="org.atsd.AppTest" time="0.001"/>
  <testcase name="testIntegrationAccuracy" classname="org.atsd.AppTest" time="0.001"/>
  <testcase name="testSimpsonMethod" classname="org.atsd.AppTest" time="0.002"/>
  <testcase name="testRootFindingExceptions" classname="org.atsd.AppTest" time="0.004"/>
  <testcase name="testAllAlgorithmsIntegration" classname="org.atsd.AppTest" time="0.025">
    <system-out><![CDATA[=== Метод половинчастого ділення ===
Ітерація	a		b		c		f(c)
1		-1,000000	0,000000	-0,500000	-1,531250
2		-0,500000	0,000000	-0,250000	-0,250977
3		-0,250000	0,000000	-0,125000	0,374969
4		-0,250000	-0,125000	-0,187500	0,062268
5		-0,250000	-0,187500	-0,218750	-0,094251
6		-0,218750	-0,187500	-0,203125	-0,015971
7		-0,203125	-0,187500	-0,195313	0,023153
8		-0,203125	-0,195313	-0,199219	0,003592
9		-0,203125	-0,199219	-0,201172	-0,006189
10		-0,201172	-0,199219	-0,200195	-0,001298
11		-0,200195	-0,199219	-0,199707	0,001147
12		-0,200195	-0,199707	-0,199951	-0,000075
13		-0,199951	-0,199707	-0,199829	0,000536
14		-0,199951	-0,199829	-0,199890	0,000230
15		-0,199951	-0,199890	-0,199921	0,000077
16		-0,199951	-0,199921	-0,199936	0,000001
17		-0,199951	-0,199936	-0,199944	-0,000037
18		-0,199944	-0,199936	-0,199940	-0,000018
19		-0,199940	-0,199936	-0,199938	-0,000009
20		-0,199938	-0,199936	-0,199937	-0,000004
21		-0,199937	-0,199936	-0,199936	-0,000001
22		-0,199936	-0,199936	-0,199936	-0,000000
23		-0,199936	-0,199936	-0,199936	0,000000
24		-0,199936	-0,199936	-0,199936	0,000000
25		-0,199936	-0,199936	-0,199936	-0,000000
26		-0,199936	-0,199936	-0,199936	-0,000000
27		-0,199936	-0,199936	-0,199936	0,000000
28		-0,199936	-0,199936	-0,199936	-0,000000
29		-0,199936	-0,199936	-0,199936	0,000000
30		-0,199936	-0,199936	-0,199936	0,000000
31		-0,199936	-0,199936	-0,199936	-0,000000
32		-0,199936	-0,199936	-0,199936	-0,000000
33		-0,199936	-0,199936	-0,199936	-0,000000
34		-0,199936	-0,199936	-0,199936	-0,000000
Знайдено корінь: -0,1999361022 за 34 ітерацій

=== Метод дотичних (Ньютона) ===
Ітерація	x		f(x)		f'(x)
1		-0,500000	-1,531250	5,312500
2		-0,211765	-0,059249	5,010055
3		-0,199939	-0,000013	5,007990
4		-0,199936	-0,000000	5,007990
Знайдено корінь: -0,1999361022 за 3 ітерацій

=== Метод хорд ===
Ітерація	a		b		x		f(x)
1		-1,000000	0,000000	-0,166667	0,166538
2		-1,000000	-0,166667	-0,193528	0,032087
3		-1,000000	-0,193528	-0,198671	0,006337
4		-1,000000	-0,198671	-0,199685	0,001257
5		-1,000000	-0,199685	-0,199886	0,000250
6		-1,000000	-0,199886	-0,199926	0,000050
7		-1,000000	-0,199926	-0,199934	0,000010
8		-1,000000	-0,199934	-0,199936	0,000002
9		-1,000000	-0,199936	-0,199936	0,000000
10		-1,000000	-0,199936	-0,199936	0,000000
11		-1,000000	-0,199936	-0,199936	0,000000
12		-1,000000	-0,199936	-0,199936	0,000000
13		-1,000000	-0,199936	-0,199936	0,000000
14		-1,000000	-0,199936	-0,199936	0,000000
15		-1,000000	-0,199936	-0,199936	0,000000
Знайдено корінь: -0,1999361022 за 14 ітерацій

]]></system-out>
  </testcase>
  <testcase name="testRectangleMethod" classname="org.atsd.AppTest" time="0.001"/>
  <testcase name="testBoundaryConditions" classname="org.atsd.AppTest" time="0.001"/>
  <testcase name="testIntegralFunction" classname="org.atsd.AppTest" time="0.001"/>
  <testcase name="testRootFindingConvergence" classname="org.atsd.AppTest" time="0.011">
    <system-out><![CDATA[=== Метод половинчастого ділення ===
Ітерація	a		b		c		f(c)
1		-1,000000	0,000000	-0,500000	-1,531250
2		-0,500000	0,000000	-0,250000	-0,250977
3		-0,250000	0,000000	-0,125000	0,374969
4		-0,250000	-0,125000	-0,187500	0,062268
5		-0,250000	-0,187500	-0,218750	-0,094251
6		-0,218750	-0,187500	-0,203125	-0,015971
7		-0,203125	-0,187500	-0,195313	0,023153
8		-0,203125	-0,195313	-0,199219	0,003592
9		-0,203125	-0,199219	-0,201172	-0,006189
10		-0,201172	-0,199219	-0,200195	-0,001298
11		-0,200195	-0,199219	-0,199707	0,001147
12		-0,200195	-0,199707	-0,199951	-0,000075
13		-0,199951	-0,199707	-0,199829	0,000536
14		-0,199951	-0,199829	-0,199890	0,000230
15		-0,199951	-0,199890	-0,199921	0,000077
16		-0,199951	-0,199921	-0,199936	0,000001
17		-0,199951	-0,199936	-0,199944	-0,000037
18		-0,199944	-0,199936	-0,199940	-0,000018
19		-0,199940	-0,199936	-0,199938	-0,000009
20		-0,199938	-0,199936	-0,199937	-0,000004
21		-0,199937	-0,199936	-0,199936	-0,000001
22		-0,199936	-0,199936	-0,199936	-0,000000
23		-0,199936	-0,199936	-0,199936	0,000000
24		-0,199936	-0,199936	-0,199936	0,000000
25		-0,199936	-0,199936	-0,199936	-0,000000
26		-0,199936	-0,199936	-0,199936	-0,000000
27		-0,199936	-0,199936	-0,199936	0,000000
28		-0,199936	-0,199936	-0,199936	-0,000000
29		-0,199936	-0,199936	-0,199936	0,000000
30		-0,199936	-0,199936	-0,199936	0,000000
31		-0,199936	-0,199936	-0,199936	-0,000000
32		-0,199936	-0,199936	-0,199936	-0,000000
33		-0,199936	-0,199936	-0,199936	-0,000000
34		-0,199936	-0,199936	-0,199936	-0,000000
Знайдено корінь: -0,1999361022 за 34 ітерацій

=== Метод дотичних (Ньютона) ===
Ітерація	x		f(x)		f'(x)
1		-0,500000	-1,531250	5,312500
2		-0,211765	-0,059249	5,010055
3		-0,199939	-0,000013	5,007990
4		-0,199936	-0,000000	5,007990
Знайдено корінь: -0,1999361022 за 3 ітерацій

=== Метод хорд ===
Ітерація	a		b		x		f(x)
1		-1,000000	0,000000	-0,166667	0,166538
2		-1,000000	-0,166667	-0,193528	0,032087
3		-1,000000	-0,193528	-0,198671	0,006337
4		-1,000000	-0,198671	-0,199685	0,001257
5		-1,000000	-0,199685	-0,199886	0,000250
6		-1,000000	-0,199886	-0,199926	0,000050
7		-1,000000	-0,199926	-0,199934	0,000010
8		-1,000000	-0,199934	-0,199936	0,000002
9		-1,000000	-0,199936	-0,199936	0,000000
10		-1,000000	-0,199936	-0,199936	0,000000
11		-1,000000	-0,199936	-0,199936	0,000000
12		-1,000000	-0,199936	-0,199936	0,000000
13		-1,000000	-0,199936	-0,199936	0,000000
14		-1,000000	-0,199936	-0,199936	0,000000
15		-1,000000	-0,199936	-0,199936	0,000000
Знайдено корінь: -0,1999361022 за 14 ітерацій

]]></system-out>
  </testcase>
  <testcase name="testTrapezoidMethod" classname="org.atsd.AppTest" time="0.001"/>
  <testcase name="testNewtonMethod" classname="org.atsd.AppTest" time="0.001">
    <system-out><![CDATA[=== Метод дотичних (Ньютона) ===
Ітерація	x		f(x)		f'(x)
1		-0,500000	-1,531250	5,312500
2		-0,211765	-0,059249	5,010055
3		-0,199939	-0,000013	5,007990
4		-0,199936	-0,000000	5,007990
Знайдено корінь: -0,1999361022 за 3 ітерацій

]]></system-out>
  </testcase>
  <testcase name="testExactIntegralValue" classname="org.atsd.AppTest" time="0.001"/>
  <testcase name="testChordMethod" classname="org.atsd.AppTest" time="0.002">
    <system-out><![CDATA[=== Метод хорд ===
Ітерація	a		b		x		f(x)
1		-1,000000	0,000000	-0,166667	0,166538
2		-1,000000	-0,166667	-0,193528	0,032087
3		-1,000000	-0,193528	-0,198671	0,006337
4		-1,000000	-0,198671	-0,199685	0,001257
5		-1,000000	-0,199685	-0,199886	0,000250
6		-1,000000	-0,199886	-0,199926	0,000050
7		-1,000000	-0,199926	-0,199934	0,000010
8		-1,000000	-0,199934	-0,199936	0,000002
9		-1,000000	-0,199936	-0,199936	0,000000
10		-1,000000	-0,199936	-0,199936	0,000000
11		-1,000000	-0,199936	-0,199936	0,000000
12		-1,000000	-0,199936	-0,199936	0,000000
13		-1,000000	-0,199936	-0,199936	0,000000
14		-1,000000	-0,199936	-0,199936	0,000000
15		-1,000000	-0,199936	-0,199936	0,000000
Знайдено корінь: -0,1999361022 за 14 ітерацій

]]></system-out>
  </testcase>
  <testcase name="testEulerMethodStability" classname="org.atsd.AppTest" time="0.005"/>
</testsuite>